<?xml version="1.0" encoding="UTF-8"?>
<!-- Generated by org.testng.reporters.JUnitXMLReporter -->
<testsuite hostname="remak" name="Regression Test_FireFox" tests="4" failures="0" timestamp="22 Aug 2016 12:13:33 GMT" time="54.561" errors="0">
  <testcase name="@BeforeTest preRequisite" time="0.0" classname="com.cyb.test.TestModule">
    <failure type="java.lang.AssertionError" message="null">
      <![CDATA[java.lang.AssertionError: null
	at com.cyb.utility.WebDriverManager.getBrowserDriver(WebDriverManager.java:32)
	at com.cyb.test.TestModule.preRequisite(TestModule.java:36)
... Removed 24 stack frames]]>
    </failure>
  </testcase> <!-- @BeforeTest preRequisite -->
  <testcase name="@AfterTest tearDown" time="0.0" classname="com.cyb.test.TestModule">
    <skipped/>
  </testcase> <!-- @AfterTest tearDown -->
  <testcase name="submitAnOrder" time="0.002" classname="com.cyb.test.TestModule">
    <skipped/>
  </testcase> <!-- submitAnOrder -->
  <testcase name="verifyAccountDetails" time="0.005" classname="com.cyb.test.TestModule">
    <skipped/>
  </testcase> <!-- verifyAccountDetails -->
  <testcase name="verifyRemovingItemEmptyCartMessage" time="0.003" classname="com.cyb.test.TestModule">
    <skipped/>
  </testcase> <!-- verifyRemovingItemEmptyCartMessage -->
  <testcase name="verifyTotalPrice" time="0.005" classname="com.cyb.test.TestModule">
    <skipped/>
  </testcase> <!-- verifyTotalPrice -->
</testsuite> <!-- Regression Test_FireFox -->
