<?xml version="1.0" encoding="UTF-8"?>
<!-- Generated by org.testng.reporters.JUnitXMLReporter -->
<testsuite hostname="remak" name="Default test" tests="4" failures="0" timestamp="22 Aug 2016 11:06:06 GMT" time="0.096" errors="0">
  <testcase name="@BeforeTest preRequisite" time="0.0" classname="com.cyb.test.TestModule">
    <failure type="org.testng.TestNGException" message="
Parameter &amp;apos;strBrowser&amp;apos; is required by @Configuration on method preRequisite but has not been marked @Optional or defined
in C:\Users\remak\AppData\Local\Temp\testng-eclipse--1957735736\testng-customsuite.xml">
      <![CDATA[org.testng.TestNGException: 
Parameter 'strBrowser' is required by @Configuration on method preRequisite but has not been marked @Optional or defined
in C:\Users\remak\AppData\Local\Temp\testng-eclipse--1957735736\testng-customsuite.xml
	at org.testng.internal.Parameters.createParameters(Parameters.java:155)
	at org.testng.internal.Parameters.createParameters(Parameters.java:358)
	at org.testng.internal.Parameters.createConfigurationParameters(Parameters.java:86)
	at org.testng.internal.Invoker.invokeConfigurations(Invoker.java:199)
	at org.testng.internal.Invoker.invokeConfigurations(Invoker.java:138)
	at org.testng.TestRunner.beforeRun(TestRunner.java:641)
	at org.testng.TestRunner.run(TestRunner.java:609)
	at org.testng.SuiteRunner.runTest(SuiteRunner.java:334)
	at org.testng.SuiteRunner.runSequentially(SuiteRunner.java:329)
	at org.testng.SuiteRunner.privateRun(SuiteRunner.java:291)
	at org.testng.SuiteRunner.run(SuiteRunner.java:240)
	at org.testng.SuiteRunnerWorker.runSuite(SuiteRunnerWorker.java:52)
	at org.testng.SuiteRunnerWorker.run(SuiteRunnerWorker.java:86)
	at org.testng.TestNG.runSuitesSequentially(TestNG.java:1224)
	at org.testng.TestNG.runSuitesLocally(TestNG.java:1149)
	at org.testng.TestNG.run(TestNG.java:1057)
	at org.testng.remote.AbstractRemoteTestNG.run(AbstractRemoteTestNG.java:126)
	at org.testng.remote.RemoteTestNG.initAndRun(RemoteTestNG.java:152)
	at org.testng.remote.RemoteTestNG.main(RemoteTestNG.java:57)
]]>
    </failure>
  </testcase> <!-- @BeforeTest preRequisite -->
  <testcase name="submitAnOrder" time="0.011" classname="com.cyb.test.TestModule">
    <skipped/>
  </testcase> <!-- submitAnOrder -->
  <testcase name="verifyAccountDetails" time="0.003" classname="com.cyb.test.TestModule">
    <skipped/>
  </testcase> <!-- verifyAccountDetails -->
  <testcase name="verifyRemovingItemEmptyCartMessage" time="0.003" classname="com.cyb.test.TestModule">
    <skipped/>
  </testcase> <!-- verifyRemovingItemEmptyCartMessage -->
  <testcase name="verifyTotalPrice" time="0.004" classname="com.cyb.test.TestModule">
    <skipped/>
  </testcase> <!-- verifyTotalPrice -->
</testsuite> <!-- Default test -->
