<?xml version="1.0" encoding="UTF-8"?>
<testng-results skipped="4" failed="0" total="4" passed="0">
  <reporter-output>
    <line>
      <![CDATA[Driver creation failed]]>
    </line>
  </reporter-output>
  <suite name="HomeAway_Regression_Suite" duration-ms="54561" started-at="2016-08-22T12:12:38Z" finished-at="2016-08-22T12:13:33Z">
    <groups>
    </groups>
    <test name="Regression Test_FireFox" duration-ms="54561" started-at="2016-08-22T12:12:38Z" finished-at="2016-08-22T12:13:33Z">
      <class name="com.cyb.test.TestModule">
        <test-method status="FAIL" signature="preRequisite(java.lang.String, java.lang.String, java.lang.String)[pri:0, instance:com.cyb.test.TestModule@7225790e]" name="preRequisite" is-config="true" duration-ms="0" started-at="2016-08-22T17:42:38Z" finished-at="2016-08-22T17:42:38Z">
          <params>
            <param index="0">
              <value>
                <![CDATA[FF]]>
              </value>
            </param>
            <param index="1">
              <value>
                <![CDATA[demoOrder]]>
              </value>
            </param>
            <param index="2">
              <value>
                <![CDATA[demoOrder]]>
              </value>
            </param>
          </params>
          <exception class="java.lang.AssertionError">
            <message>
              <![CDATA[null]]>
            </message>
            <full-stacktrace>
              <![CDATA[java.lang.AssertionError: null
	at org.testng.Assert.fail(Assert.java:94)
	at org.testng.Assert.fail(Assert.java:101)
	at com.cyb.utility.WebDriverManager.getBrowserDriver(WebDriverManager.java:32)
	at com.cyb.test.TestModule.preRequisite(TestModule.java:36)
	at sun.reflect.NativeMethodAccessorImpl.invoke0(Native Method)
	at sun.reflect.NativeMethodAccessorImpl.invoke(Unknown Source)
	at sun.reflect.DelegatingMethodAccessorImpl.invoke(Unknown Source)
	at java.lang.reflect.Method.invoke(Unknown Source)
	at org.testng.internal.MethodInvocationHelper.invokeMethod(MethodInvocationHelper.java:84)
	at org.testng.internal.Invoker.invokeConfigurationMethod(Invoker.java:564)
	at org.testng.internal.Invoker.invokeConfigurations(Invoker.java:213)
	at org.testng.internal.Invoker.invokeConfigurations(Invoker.java:138)
	at org.testng.TestRunner.beforeRun(TestRunner.java:641)
	at org.testng.TestRunner.run(TestRunner.java:609)
	at org.testng.SuiteRunner.runTest(SuiteRunner.java:334)
	at org.testng.SuiteRunner.runSequentially(SuiteRunner.java:329)
	at org.testng.SuiteRunner.privateRun(SuiteRunner.java:291)
	at org.testng.SuiteRunner.run(SuiteRunner.java:240)
	at org.testng.SuiteRunnerWorker.runSuite(SuiteRunnerWorker.java:52)
	at org.testng.SuiteRunnerWorker.run(SuiteRunnerWorker.java:86)
	at org.testng.TestNG.runSuitesSequentially(TestNG.java:1224)
	at org.testng.TestNG.runSuitesLocally(TestNG.java:1149)
	at org.testng.TestNG.run(TestNG.java:1057)
	at org.testng.remote.AbstractRemoteTestNG.run(AbstractRemoteTestNG.java:126)
	at org.testng.remote.RemoteTestNG.initAndRun(RemoteTestNG.java:152)
	at org.testng.remote.RemoteTestNG.main(RemoteTestNG.java:57)
]]>
            </full-stacktrace>
          </exception> <!-- java.lang.AssertionError -->
          <reporter-output>
            <line>
              <![CDATA[Driver creation failed]]>
            </line>
          </reporter-output>
        </test-method> <!-- preRequisite -->
        <test-method status="SKIP" signature="submitAnOrder()[pri:0, instance:com.cyb.test.TestModule@7225790e]" name="submitAnOrder" duration-ms="2" started-at="2016-08-22T17:43:32Z" finished-at="2016-08-22T17:43:32Z">
          <reporter-output>
          </reporter-output>
        </test-method> <!-- submitAnOrder -->
        <test-method status="SKIP" signature="verifyAccountDetails(java.lang.String, java.lang.String, java.lang.String)[pri:0, instance:com.cyb.test.TestModule@7225790e]" name="verifyAccountDetails" duration-ms="5" started-at="2016-08-22T17:43:32Z" finished-at="2016-08-22T17:43:32Z">
          <params>
            <param index="0">
              <value>
                <![CDATA[FF]]>
              </value>
            </param>
            <param index="1">
              <value>
                <![CDATA[demoOrder]]>
              </value>
            </param>
            <param index="2">
              <value>
                <![CDATA[demoOrder]]>
              </value>
            </param>
          </params>
          <reporter-output>
          </reporter-output>
        </test-method> <!-- verifyAccountDetails -->
        <test-method status="SKIP" signature="verifyRemovingItemEmptyCartMessage()[pri:0, instance:com.cyb.test.TestModule@7225790e]" name="verifyRemovingItemEmptyCartMessage" duration-ms="3" started-at="2016-08-22T17:43:33Z" finished-at="2016-08-22T17:43:33Z">
          <reporter-output>
          </reporter-output>
        </test-method> <!-- verifyRemovingItemEmptyCartMessage -->
        <test-method status="SKIP" signature="verifyTotalPrice()[pri:0, instance:com.cyb.test.TestModule@7225790e]" name="verifyTotalPrice" duration-ms="5" started-at="2016-08-22T17:43:33Z" finished-at="2016-08-22T17:43:33Z">
          <reporter-output>
          </reporter-output>
        </test-method> <!-- verifyTotalPrice -->
        <test-method status="SKIP" signature="tearDown()[pri:0, instance:com.cyb.test.TestModule@7225790e]" name="tearDown" is-config="true" duration-ms="0" started-at="2016-08-22T17:43:33Z" finished-at="2016-08-22T17:43:33Z">
          <reporter-output>
          </reporter-output>
        </test-method> <!-- tearDown -->
      </class> <!-- com.cyb.test.TestModule -->
    </test> <!-- Regression Test_FireFox -->
  </suite> <!-- HomeAway_Regression_Suite -->
</testng-results>
